<?xml version="1.0" encoding="UTF-8"?>
<!-- Generated by org.testng.reporters.JUnitReportReporter -->
<testsuite hostname="DESKTOP-I45LVFK" name="MakeDir" tests="1" failures="0" timestamp="27 Jun 2019 06:31:50 GMT" time="0.022" errors="0">
  <testcase name="makeDir" time="0.022" classname="MakeDir"/>
</testsuite> <!-- MakeDir -->
