<?xml version="1.0" encoding="UTF-8"?>
<!-- Generated by org.testng.reporters.JUnitReportReporter -->
<testsuite hostname="DESKTOP-I45LVFK" name="poi.excel.OfficalDemo" tests="1" failures="0" timestamp="12 Jun 2019 06:36:50 GMT" time="0.391" errors="0">
  <testcase name="Demo1" time="0.391" classname="poi.excel.OfficalDemo"/>
</testsuite> <!-- poi.excel.OfficalDemo -->
