<?xml version="1.0" encoding="UTF-8"?>
<!-- Generated by org.testng.reporters.JUnitReportReporter -->
<testsuite hostname="DESKTOP-I45LVFK" name="workingtemp.FindReportField" tests="1" failures="0" timestamp="10 Jul 2019 11:51:01 GMT" time="0.083" errors="0">
  <testcase name="f" time="0.083" classname="workingtemp.FindReportField"/>
</testsuite> <!-- workingtemp.FindReportField -->
