<?xml version="1.0" encoding="UTF-8"?>
<!-- Generated by org.testng.reporters.JUnitReportReporter -->
<testsuite hostname="DESKTOP-I45LVFK" name="poi.TestSXSSF" tests="1" failures="0" timestamp="12 Jun 2019 05:28:21 GMT" time="2.815" errors="0">
  <testcase name="createSheet2" time="2.815" classname="poi.TestSXSSF"/>
</testsuite> <!-- poi.TestSXSSF -->
