<?xml version="1.0" encoding="UTF-8"?>
<!-- Generated by org.testng.reporters.JUnitReportReporter -->
<testsuite hostname="DESKTOP-I45LVFK" name="testng.TestNGTest" tests="1" failures="0" timestamp="4 Jun 2019 00:55:53 GMT" time="0.006" errors="0">
  <testcase name="testMethodOne" time="0.006" classname="testng.TestNGTest"/>
</testsuite> <!-- testng.TestNGTest -->
