<?xml version="1.0" encoding="UTF-8"?>
<!-- Generated by org.testng.reporters.JUnitReportReporter -->
<testsuite hostname="DESKTOP-I45LVFK" name="workingtemp.TestBigDecimal" tests="1" failures="0" timestamp="16 Jul 2019 06:50:54 GMT" time="0.016" errors="0">
  <testcase name="test" time="0.016" classname="workingtemp.TestBigDecimal"/>
</testsuite> <!-- workingtemp.TestBigDecimal -->
