<?xml version="1.0" encoding="UTF-8"?>
<!-- Generated by org.testng.reporters.JUnitReportReporter -->
<testsuite hostname="DESKTOP-I45LVFK" name="workingtemp.ToFieldName" tests="1" failures="0" timestamp="10 Jul 2019 11:44:58 GMT" time="0.032" errors="0">
  <testcase name="f" time="0.032" classname="workingtemp.ToFieldName"/>
</testsuite> <!-- workingtemp.ToFieldName -->
