<?xml version="1.0" encoding="UTF-8"?>
<!-- Generated by org.testng.reporters.JUnitReportReporter -->
<testsuite hostname="DESKTOP-I45LVFK" name="testng.TestRemoveFiles" tests="1" failures="0" timestamp="4 Jun 2019 05:32:50 GMT" time="0.085" errors="0">
  <testcase name="getInfomation" time="0.085" classname="testng.TestRemoveFiles"/>
</testsuite> <!-- testng.TestRemoveFiles -->
