<?xml version="1.0" encoding="UTF-8"?>
<!-- Generated by org.testng.reporters.JUnitReportReporter -->
<testsuite hostname="DESKTOP-I45LVFK" name="workingtemp.ToFormatField" tests="1" failures="0" timestamp="16 Jul 2019 07:16:56 GMT" time="0.020" errors="0">
  <testcase name="f" time="0.020" classname="workingtemp.ToFormatField"/>
</testsuite> <!-- workingtemp.ToFormatField -->
