<?xml version="1.0" encoding="UTF-8"?>
<!-- Generated by org.testng.reporters.JUnitReportReporter -->
<testsuite hostname="DESKTOP-I45LVFK" name="testng.TestRemoveMapByIterator" tests="1" failures="0" timestamp="19 Jul 2019 05:56:07 GMT" time="27.035" errors="0">
  <testcase name="test" time="27.035" classname="testng.TestRemoveMapByIterator"/>
</testsuite> <!-- testng.TestRemoveMapByIterator -->
